<?xml version="1.0" encoding="UTF-8"?>
<!-- Generated by org.testng.reporters.JUnitXMLReporter -->
<testsuite ignored="0" hostname="LAPTOP-1O3IM9L4" failures="1" tests="41" name="Dsalgo Test" time="112.318" errors="0" timestamp="2022-10-21T17:25:35 EDT">
  <testcase classname="com.dsAlgo.testCases.TC_DsAlgoPortalTest_001" name="getStartedToHome" time="1.448"/>
  <testcase classname="com.dsAlgo.testCases.TC_DsAlgoHomeTest" name="signIn" time="18.404"/>
  <testcase classname="com.dsAlgo.testCases.TC_DsAlgoHomeTest" name="verifyArrayPageNav_FromDropdown" time="1.881"/>
  <testcase classname="com.dsAlgo.testCases.TC_DsAlgoHomeTest" name="verifyDropDown" time="3.152"/>
  <testcase classname="com.dsAlgo.testCases.TC_DsAlgoHomeTest" name="verifyQueuePageNav_AfterLogin" time="1.534"/>
  <testcase classname="com.dsAlgo.testCases.TC_DsAlgoHomeTest" name="verifyRegisterLink" time="0.375"/>
  <testcase classname="com.dsAlgo.testCases.TC_DsAlgoHomeTest" name="verifyTreePageNav_AfterLogin" time="1.603"/>
  <testcase classname="com.dsAlgo.testCases.TC_DsAlgoHomeTest" name="verifyArrayPageNav_BeforeLogin" time="0.993"/>
  <testcase classname="com.dsAlgo.testCases.TC_DsAlgoHomeTest" name="verifyArrayPageNav_AfterLogin" time="1.36"/>
  <testcase classname="com.dsAlgo.testCases.TC_DsAlgoLoginTest" name="loginTest" time="1.626"/>
  <testcase classname="com.dsAlgo.testCases.TC_DsAlgoLoginTest" name="loginTest" time="0.811"/>
  <testcase classname="com.dsAlgo.testCases.TC_DsAlgoLoginTest" name="loginTest" time="0.417"/>
  <testcase classname="com.dsAlgo.testCases.TC_DsAlgoLoginTest" name="loginTest" time="0.411"/>
  <testcase classname="com.dsAlgo.testCases.TC_DsAlgoQueueTest" name="verifyArrayLink" time="3.262"/>
  <testcase classname="com.dsAlgo.testCases.TC_DsAlgoQueueTest" name="verifyCollectionsLink" time="0.675"/>
  <testcase classname="com.dsAlgo.testCases.TC_DsAlgoQueueTest" name="verifyLinkImpQueueInPython" time="0.286"/>
  <testcase classname="com.dsAlgo.testCases.TC_DsAlgoQueueTest" name="verifyPracticeQuestions" time="0.413"/>
  <testcase classname="com.dsAlgo.testCases.TC_DsAlgoQueueTest" name="verifyQueueOperations" time="0.646"/>
  <testcase classname="com.dsAlgo.testCases.TC_DsAlgoQueueTest" name="verifyRunBtnFromQueue" time="5.707"/>
  <testcase classname="com.dsAlgo.testCases.TC_DsAlgoTreeTest" name="VerifyOverviewOfTrees" time="5.148"/>
  <testcase classname="com.dsAlgo.testCases.TC_DsAlgoTreeTest" name="VerifyTerminologies" time="1.328"/>
  <testcase classname="com.dsAlgo.testCases.TC_DsAlgoTreeTest" name="VerifyTreeTraversals" time="1.015"/>
  <testcase classname="com.dsAlgo.testCases.TC_DsAlgoTreeTest" name="VerifyTypesOfTrees" time="1.115"/>
  <testcase classname="com.dsAlgo.testCases.TC_DsAlgoTreeTest" name="verifyAppOfBinaryTrees" time="1.146"/>
  <testcase classname="com.dsAlgo.testCases.TC_DsAlgoTreeTest" name="verifyBST" time="1.354"/>
  <testcase classname="com.dsAlgo.testCases.TC_DsAlgoTreeTest" name="verifyBinaryTreeTraversals" time="0.804"/>
  <testcase classname="com.dsAlgo.testCases.TC_DsAlgoTreeTest" name="verifyBinaryTrees" time="0.945"/>
  <testcase classname="com.dsAlgo.testCases.TC_DsAlgoTreeTest" name="verifyImpInBinaryTrees" time="0.717"/>
  <testcase classname="com.dsAlgo.testCases.TC_DsAlgoTreeTest" name="verifyImpInPython" time="0.672"/>
  <testcase classname="com.dsAlgo.testCases.TC_DsAlgoTreeTest" name="verifyImpOfBST" time="0.846"/>
  <testcase classname="com.dsAlgo.testCases.TC_DsAlgoTreeTest" name="verifyTraversalsIllustration" time="0.81"/>
  <testcase classname="com.dsAlgo.testCases.TC_DsAlgoTreeTest" name="verifyTypesOfBinaryTrees" time="0.756"/>
  <testcase classname="com.dsAlgo.testCases.TC_DsAlgoRegisterTest" name="VerifyRegisterWithEmptyFields" time="1.072"/>
  <testcase classname="com.dsAlgo.testCases.TC_DsAlgoRegisterTest" name="registerTest" time="0.419"/>
  <testcase classname="com.dsAlgo.testCases.TC_DsAlgoRegisterTest" name="registerTest" time="0.396"/>
  <testcase classname="com.dsAlgo.testCases.TC_DsAlgoRegisterTest" name="registerTest" time="0.419"/>
  <testcase classname="com.dsAlgo.testCases.TC_DsAlgoRegisterTest" name="registerTest" time="0.421"/>
  <testcase classname="com.dsAlgo.testCases.TC_DsAlgoRegisterTest" name="registerTest" time="0.397"/>
  <testcase classname="com.dsAlgo.testCases.TC_DsAlgoRegisterTest" name="registerTest" time="0.427"/>
  <testcase classname="com.dsAlgo.testCases.TC_DsAlgoRegisterTest" name="verifyValidRegisterDetails" time="0.854"/>
  <testcase classname="com.dsAlgo.testCases.TC_DsAlgoRegisterTest" name="verifyvalidationMsg" time="0.911">
    <failure type="java.lang.AssertionError">
      <![CDATA[java.lang.AssertionError
at org.junit.Assert.fail(Assert.java:86)
at org.junit.Assert.assertTrue(Assert.java:41)
at org.junit.Assert.assertTrue(Assert.java:52)
at com.dsAlgo.testCases.TC_DsAlgoRegisterTest.verifyvalidationMsg(TC_DsAlgoRegisterTest.java:267)
at java.base/java.util.ArrayList.forEach(ArrayList.java:1511)
... Removed 27 stack frames]]>
    </failure>
  </testcase> <!-- verifyvalidationMsg -->
</testsuite> <!-- Dsalgo Test -->
