<?xml version="1.0" encoding="UTF-8"?>
<!-- Generated by org.testng.reporters.JUnitReportReporter -->
<testsuite hostname="LAPTOP-1O3IM9L4" failures="1" tests="9" name="com.dsAlgo.testCases.TC_DsAlgoRegisterTest" time="7.777" errors="0" timestamp="2022-10-21T17:20:52 EDT" skipped="0">
  <testcase classname="com.dsAlgo.testCases.TC_DsAlgoRegisterTest" name="registerTest" time="0.412"/>
  <system-out/>
  <testcase classname="com.dsAlgo.testCases.TC_DsAlgoRegisterTest" name="verifyvalidationMsg" time="2.186">
    <failure type="java.lang.AssertionError">
      <![CDATA[java.lang.AssertionError
at org.junit.Assert.fail(Assert.java:86)
at org.junit.Assert.assertTrue(Assert.java:41)
at org.junit.Assert.assertTrue(Assert.java:52)
at com.dsAlgo.testCases.TC_DsAlgoRegisterTest.verifyvalidationMsg(TC_DsAlgoRegisterTest.java:267)
at java.base/jdk.internal.reflect.NativeMethodAccessorImpl.invoke0(Native Method)
at java.base/jdk.internal.reflect.NativeMethodAccessorImpl.invoke(NativeMethodAccessorImpl.java:77)
at java.base/jdk.internal.reflect.DelegatingMethodAccessorImpl.invoke(DelegatingMethodAccessorImpl.java:43)
at java.base/java.lang.reflect.Method.invoke(Method.java:568)
at org.testng.internal.invokers.MethodInvocationHelper.invokeMethod(MethodInvocationHelper.java:135)
at org.testng.internal.invokers.TestInvoker.invokeMethod(TestInvoker.java:673)
at org.testng.internal.invokers.TestInvoker.invokeTestMethod(TestInvoker.java:220)
at org.testng.internal.invokers.MethodRunner.runInSequence(MethodRunner.java:50)
at org.testng.internal.invokers.TestInvoker$MethodInvocationAgent.invoke(TestInvoker.java:945)
at org.testng.internal.invokers.TestInvoker.invokeTestMethods(TestInvoker.java:193)
at org.testng.internal.invokers.TestMethodWorker.invokeTestMethods(TestMethodWorker.java:146)
at org.testng.internal.invokers.TestMethodWorker.run(TestMethodWorker.java:128)
at java.base/java.util.ArrayList.forEach(ArrayList.java:1511)
at org.testng.TestRunner.privateRun(TestRunner.java:808)
at org.testng.TestRunner.run(TestRunner.java:603)
at org.testng.SuiteRunner.runTest(SuiteRunner.java:429)
at org.testng.SuiteRunner.runSequentially(SuiteRunner.java:423)
at org.testng.SuiteRunner.privateRun(SuiteRunner.java:383)
at org.testng.SuiteRunner.run(SuiteRunner.java:326)
at org.testng.SuiteRunnerWorker.runSuite(SuiteRunnerWorker.java:52)
at org.testng.SuiteRunnerWorker.run(SuiteRunnerWorker.java:95)
at org.testng.TestNG.runSuitesSequentially(TestNG.java:1249)
at org.testng.TestNG.runSuitesLocally(TestNG.java:1169)
at org.testng.TestNG.runSuites(TestNG.java:1092)
at org.testng.TestNG.run(TestNG.java:1060)
at org.apache.maven.surefire.testng.TestNGExecutor.run(TestNGExecutor.java:135)
at org.apache.maven.surefire.testng.TestNGDirectoryTestSuite.executeMulti(TestNGDirectoryTestSuite.java:193)
at org.apache.maven.surefire.testng.TestNGDirectoryTestSuite.execute(TestNGDirectoryTestSuite.java:94)
at org.apache.maven.surefire.testng.TestNGProvider.invoke(TestNGProvider.java:146)
at org.apache.maven.surefire.booter.ForkedBooter.invokeProviderInSameClassLoader(ForkedBooter.java:384)
at org.apache.maven.surefire.booter.ForkedBooter.runSuitesInProcess(ForkedBooter.java:345)
at org.apache.maven.surefire.booter.ForkedBooter.execute(ForkedBooter.java:126)
at org.apache.maven.surefire.booter.ForkedBooter.main(ForkedBooter.java:418)
]]>
    </failure>
  </testcase> <!-- verifyvalidationMsg -->
  <system-out/>
  <testcase classname="com.dsAlgo.testCases.TC_DsAlgoRegisterTest" name="registerTest" time="0.459"/>
  <system-out/>
  <testcase classname="com.dsAlgo.testCases.TC_DsAlgoRegisterTest" name="registerTest" time="0.393"/>
  <system-out/>
  <testcase classname="com.dsAlgo.testCases.TC_DsAlgoRegisterTest" name="registerTest" time="0.401"/>
  <system-out/>
  <testcase classname="com.dsAlgo.testCases.TC_DsAlgoRegisterTest" name="verifyValidRegisterDetails" time="0.920"/>
  <system-out/>
  <testcase classname="com.dsAlgo.testCases.TC_DsAlgoRegisterTest" name="VerifyRegisterWithEmptyFields" time="2.258"/>
  <system-out/>
  <testcase classname="com.dsAlgo.testCases.TC_DsAlgoRegisterTest" name="registerTest" time="0.350"/>
  <system-out/>
  <testcase classname="com.dsAlgo.testCases.TC_DsAlgoRegisterTest" name="registerTest" time="0.398"/>
  <system-out/>
</testsuite> <!-- com.dsAlgo.testCases.TC_DsAlgoRegisterTest -->
